Build started 1/12/2021 10:07:47 AM.
     1>Project "C:\Users\WINDOWS 10\Desktop\Mobilni\Mobilni\Mobilni.vcxproj" on node 2 (build target(s)).
     1>InitializeBuildStatus:
         Creating "Debug\Mobilni.unsuccessfulbuild" because "AlwaysCreate" was specified.
       ClCompile:
         c:\Program Files (x86)\Microsoft Visual Studio 10.0\VC\bin\CL.exe /c /ZI /nologo /W3 /WX- /Od /Oy- /D WIN32 /D _DEBUG /D _CONSOLE /D _UNICODE /D UNICODE /Gm /EHsc /RTC1 /MDd /GS /fp:precise /Zc:wchar_t /Zc:forScope /Fo"Debug\\" /Fd"Debug\vc100.pdb" /Gd /TP /analyze- /errorReport:prompt main.cpp
         main.cpp
     1>c:\users\windows 10\desktop\mobilni\mobilni\main.cpp(261): warning C4101: 'izbor' : unreferenced local variable
       ManifestResourceCompile:
         All outputs are up-to-date.
       Link:
         c:\Program Files (x86)\Microsoft Visual Studio 10.0\VC\bin\link.exe /ERRORREPORT:PROMPT /OUT:"C:\Users\WINDOWS 10\Desktop\Mobilni\Debug\Mobilni.exe" /INCREMENTAL /NOLOGO kernel32.lib user32.lib gdi32.lib winspool.lib comdlg32.lib advapi32.lib shell32.lib ole32.lib oleaut32.lib uuid.lib odbc32.lib odbccp32.lib /MANIFEST /ManifestFile:"Debug\Mobilni.exe.intermediate.manifest" /MANIFESTUAC:"level='asInvoker' uiAccess='false'" /DEBUG /PDB:"C:\Users\WINDOWS 10\Desktop\Mobilni\Debug\Mobilni.pdb" /SUBSYSTEM:CONSOLE /TLBID:1 /DYNAMICBASE /NXCOMPAT /IMPLIB:"C:\Users\WINDOWS 10\Desktop\Mobilni\Debug\Mobilni.lib" /MACHINE:X86 Debug\Mobilni.exe.embed.manifest.res
         Debug\main.obj
       Manifest:
         c:\Program Files (x86)\Microsoft SDKs\Windows\v7.0A\bin\mt.exe /nologo /verbose /out:"Debug\Mobilni.exe.embed.manifest" /manifest Debug\Mobilni.exe.intermediate.manifest
         All outputs are up-to-date.
       LinkEmbedManifest:
         All outputs are up-to-date.
         Mobilni.vcxproj -> C:\Users\WINDOWS 10\Desktop\Mobilni\Debug\Mobilni.exe
       FinalizeBuildStatus:
         Deleting file "Debug\Mobilni.unsuccessfulbuild".
         Touching "Debug\Mobilni.lastbuildstate".
     1>Done Building Project "C:\Users\WINDOWS 10\Desktop\Mobilni\Mobilni\Mobilni.vcxproj" (build target(s)).

Build succeeded.

Time Elapsed 00:00:01.24
